This is pdfTeX, Version 3.14159265-2.6-1.40.19 (MiKTeX 2.9.6800 64-bit) (preloaded format=pdflatex 2018.9.24)  14 OCT 2018 12:22
entering extended mode
**./dualascentstep.tex
(dualascentstep.tex
LaTeX2e <2018-04-01> patch level 5

("C:\Users\Janosch Ott\AppData\Local\Programs\MiKTeX 2.9\tex\latex\standalone\s
tandalone.cls"
Document Class: standalone 2018/03/26 v1.3a Class to compile TeX sub-files stan
dalone

("C:\Users\Janosch Ott\AppData\Local\Programs\MiKTeX 2.9\tex\latex\tools\shelle
sc.sty"
Package: shellesc 2016/06/07 v0.02a unified shell escape interface for LaTeX
Package shellesc Info: Unrestricted shell escape enabled on input line 67.
)
("C:\Users\Janosch Ott\AppData\Local\Programs\MiKTeX 2.9\tex\generic\oberdiek\i
fluatex.sty"
Package: ifluatex 2016/05/16 v1.4 Provides the ifluatex switch (HO)
Package ifluatex Info: LuaTeX not detected.
)
("C:\Users\Janosch Ott\AppData\Local\Programs\MiKTeX 2.9\tex\generic\oberdiek\i
fpdf.sty"
Package: ifpdf 2018/09/07 v3.3 Provides the ifpdf switch
)
("C:\Users\Janosch Ott\AppData\Local\Programs\MiKTeX 2.9\tex\generic\ifxetex\if
xetex.sty"
Package: ifxetex 2010/09/12 v0.6 Provides ifxetex conditional
)
("C:\Users\Janosch Ott\AppData\Local\Programs\MiKTeX 2.9\tex\latex\xkeyval\xkey
val.sty"
Package: xkeyval 2014/12/03 v2.7a package option processing (HA)

("C:\Users\Janosch Ott\AppData\Local\Programs\MiKTeX 2.9\tex\generic\xkeyval\xk
eyval.tex"
("C:\Users\Janosch Ott\AppData\Local\Programs\MiKTeX 2.9\tex\generic\xkeyval\xk
vutils.tex"
\XKV@toks=\toks14
\XKV@tempa@toks=\toks15

("C:\Users\Janosch Ott\AppData\Local\Programs\MiKTeX 2.9\tex\generic\xkeyval\ke
yval.tex"))
\XKV@depth=\count80
File: xkeyval.tex 2014/12/03 v2.7a key=value parser (HA)
))
\sa@internal=\count81
\c@sapage=\count82

("C:\Users\Janosch Ott\AppData\Local\Programs\MiKTeX 2.9\tex\latex\standalone\s
tandalone.cfg"
File: standalone.cfg 2018/03/26 v1.3a Default configuration file for 'standalon
e' class
)
("C:\Users\Janosch Ott\AppData\Local\Programs\MiKTeX 2.9\tex\latex\base\article
.cls"
Document Class: article 2014/09/29 v1.4h Standard LaTeX document class

("C:\Users\Janosch Ott\AppData\Local\Programs\MiKTeX 2.9\tex\latex\base\size10.
clo"
File: size10.clo 2014/09/29 v1.4h Standard LaTeX file (size option)
)
\c@part=\count83
\c@section=\count84
\c@subsection=\count85
\c@subsubsection=\count86
\c@paragraph=\count87
\c@subparagraph=\count88
\c@figure=\count89
\c@table=\count90
\abovecaptionskip=\skip41
\belowcaptionskip=\skip42
\bibindent=\dimen102
)
\sa@box=\box26
)
("C:\Users\Janosch Ott\AppData\Local\Programs\MiKTeX 2.9\tex\latex\pgfplots\pgf
plots.sty"
("C:\Users\Janosch Ott\AppData\Local\Programs\MiKTeX 2.9\tex\generic\pgfplots\p
gfplots.revision.tex")
Package: pgfplots 2018/03/28 v1.16 Data Visualization (1.16)

("C:\Users\Janosch Ott\AppData\Local\Programs\MiKTeX 2.9\tex\latex\graphics\gra
phicx.sty"
Package: graphicx 2017/06/01 v1.1a Enhanced LaTeX Graphics (DPC,SPQR)

("C:\Users\Janosch Ott\AppData\Local\Programs\MiKTeX 2.9\tex\latex\graphics\gra
phics.sty"
Package: graphics 2017/06/25 v1.2c Standard LaTeX Graphics (DPC,SPQR)

("C:\Users\Janosch Ott\AppData\Local\Programs\MiKTeX 2.9\tex\latex\graphics\tri
g.sty"
Package: trig 2016/01/03 v1.10 sin cos tan (DPC)
)
("C:\Users\Janosch Ott\AppData\Local\Programs\MiKTeX 2.9\tex\latex\graphics-cfg
\graphics.cfg"
File: graphics.cfg 2016/06/04 v1.11 sample graphics configuration
)
Package graphics Info: Driver file: pdftex.def on input line 99.

("C:\Users\Janosch Ott\AppData\Local\Programs\MiKTeX 2.9\tex\latex\graphics-def
\pdftex.def"
File: pdftex.def 2018/01/08 v1.0l Graphics/color driver for pdftex
))
\Gin@req@height=\dimen103
\Gin@req@width=\dimen104
)
("C:\Users\Janosch Ott\AppData\Local\Programs\MiKTeX 2.9\tex\latex\pgf\frontend
layer\tikz.sty"
("C:\Users\Janosch Ott\AppData\Local\Programs\MiKTeX 2.9\tex\latex\pgf\basiclay
er\pgf.sty"
("C:\Users\Janosch Ott\AppData\Local\Programs\MiKTeX 2.9\tex\latex\pgf\utilitie
s\pgfrcs.sty"
("C:\Users\Janosch Ott\AppData\Local\Programs\MiKTeX 2.9\tex\generic\pgf\utilit
ies\pgfutil-common.tex"
\pgfutil@everybye=\toks16
\pgfutil@tempdima=\dimen105
\pgfutil@tempdimb=\dimen106

("C:\Users\Janosch Ott\AppData\Local\Programs\MiKTeX 2.9\tex\generic\pgf\utilit
ies\pgfutil-common-lists.tex"))
("C:\Users\Janosch Ott\AppData\Local\Programs\MiKTeX 2.9\tex\generic\pgf\utilit
ies\pgfutil-latex.def"
\pgfutil@abb=\box27

("C:\Users\Janosch Ott\AppData\Local\Programs\MiKTeX 2.9\tex\latex\ms\everyshi.
sty"
Package: everyshi 2001/05/15 v3.00 EveryShipout Package (MS)
))
("C:\Users\Janosch Ott\AppData\Local\Programs\MiKTeX 2.9\tex\generic\pgf\utilit
ies\pgfrcs.code.tex"
Package: pgfrcs 2015/08/07 v3.0.1a (rcs-revision 1.31)
))
Package: pgf 2015/08/07 v3.0.1a (rcs-revision 1.15)

("C:\Users\Janosch Ott\AppData\Local\Programs\MiKTeX 2.9\tex\latex\pgf\basiclay
er\pgfcore.sty"
("C:\Users\Janosch Ott\AppData\Local\Programs\MiKTeX 2.9\tex\latex\pgf\systemla
yer\pgfsys.sty"
("C:\Users\Janosch Ott\AppData\Local\Programs\MiKTeX 2.9\tex\generic\pgf\system
layer\pgfsys.code.tex"
Package: pgfsys 2014/07/09 v3.0.1a (rcs-revision 1.48)

("C:\Users\Janosch Ott\AppData\Local\Programs\MiKTeX 2.9\tex\generic\pgf\utilit
ies\pgfkeys.code.tex"
\pgfkeys@pathtoks=\toks17
\pgfkeys@temptoks=\toks18

("C:\Users\Janosch Ott\AppData\Local\Programs\MiKTeX 2.9\tex\generic\pgf\utilit
ies\pgfkeysfiltered.code.tex"
\pgfkeys@tmptoks=\toks19
))
\pgf@x=\dimen107
\pgf@y=\dimen108
\pgf@xa=\dimen109
\pgf@ya=\dimen110
\pgf@xb=\dimen111
\pgf@yb=\dimen112
\pgf@xc=\dimen113
\pgf@yc=\dimen114
\w@pgf@writea=\write3
\r@pgf@reada=\read1
\c@pgf@counta=\count91
\c@pgf@countb=\count92
\c@pgf@countc=\count93
\c@pgf@countd=\count94
\t@pgf@toka=\toks20
\t@pgf@tokb=\toks21
\t@pgf@tokc=\toks22

("C:\Users\Janosch Ott\AppData\Local\Programs\MiKTeX 2.9\tex\generic\pgf\system
layer\pgf.cfg"
File: pgf.cfg 2008/05/14  (rcs-revision 1.7)
)
Driver file for pgf: pgfsys-pdftex.def

("C:\Users\Janosch Ott\AppData\Local\Programs\MiKTeX 2.9\tex\generic\pgf\system
layer\pgfsys-pdftex.def"
File: pgfsys-pdftex.def 2014/10/11  (rcs-revision 1.35)

("C:\Users\Janosch Ott\AppData\Local\Programs\MiKTeX 2.9\tex\generic\pgf\system
layer\pgfsys-common-pdf.def"
File: pgfsys-common-pdf.def 2013/10/10  (rcs-revision 1.13)
)))
("C:\Users\Janosch Ott\AppData\Local\Programs\MiKTeX 2.9\tex\generic\pgf\system
layer\pgfsyssoftpath.code.tex"
File: pgfsyssoftpath.code.tex 2013/09/09  (rcs-revision 1.9)
\pgfsyssoftpath@smallbuffer@items=\count95
\pgfsyssoftpath@bigbuffer@items=\count96
)
("C:\Users\Janosch Ott\AppData\Local\Programs\MiKTeX 2.9\tex\generic\pgf\system
layer\pgfsysprotocol.code.tex"
File: pgfsysprotocol.code.tex 2006/10/16  (rcs-revision 1.4)
))
("C:\Users\Janosch Ott\AppData\Local\Programs\MiKTeX 2.9\tex\latex\xcolor\xcolo
r.sty"
Package: xcolor 2016/05/11 v2.12 LaTeX color extensions (UK)

("C:\Users\Janosch Ott\AppData\Local\Programs\MiKTeX 2.9\tex\latex\graphics-cfg
\color.cfg"
File: color.cfg 2016/01/02 v1.6 sample color configuration
)
Package xcolor Info: Driver file: pdftex.def on input line 225.
Package xcolor Info: Model `cmy' substituted by `cmy0' on input line 1348.
Package xcolor Info: Model `hsb' substituted by `rgb' on input line 1352.
Package xcolor Info: Model `RGB' extended on input line 1364.
Package xcolor Info: Model `HTML' substituted by `rgb' on input line 1366.
Package xcolor Info: Model `Hsb' substituted by `hsb' on input line 1367.
Package xcolor Info: Model `tHsb' substituted by `hsb' on input line 1368.
Package xcolor Info: Model `HSB' substituted by `hsb' on input line 1369.
Package xcolor Info: Model `Gray' substituted by `gray' on input line 1370.
Package xcolor Info: Model `wave' substituted by `hsb' on input line 1371.
)
("C:\Users\Janosch Ott\AppData\Local\Programs\MiKTeX 2.9\tex\generic\pgf\basicl
ayer\pgfcore.code.tex"
Package: pgfcore 2010/04/11 v3.0.1a (rcs-revision 1.7)

("C:\Users\Janosch Ott\AppData\Local\Programs\MiKTeX 2.9\tex\generic\pgf\math\p
gfmath.code.tex"
("C:\Users\Janosch Ott\AppData\Local\Programs\MiKTeX 2.9\tex\generic\pgf\math\p
gfmathcalc.code.tex"
("C:\Users\Janosch Ott\AppData\Local\Programs\MiKTeX 2.9\tex\generic\pgf\math\p
gfmathutil.code.tex")
("C:\Users\Janosch Ott\AppData\Local\Programs\MiKTeX 2.9\tex\generic\pgf\math\p
gfmathparser.code.tex"
\pgfmath@dimen=\dimen115
\pgfmath@count=\count97
\pgfmath@box=\box28
\pgfmath@toks=\toks23
\pgfmath@stack@operand=\toks24
\pgfmath@stack@operation=\toks25
)
("C:\Users\Janosch Ott\AppData\Local\Programs\MiKTeX 2.9\tex\generic\pgf\math\p
gfmathfunctions.code.tex"
("C:\Users\Janosch Ott\AppData\Local\Programs\MiKTeX 2.9\tex\generic\pgf\math\p
gfmathfunctions.basic.code.tex")
("C:\Users\Janosch Ott\AppData\Local\Programs\MiKTeX 2.9\tex\generic\pgf\math\p
gfmathfunctions.trigonometric.code.tex")
("C:\Users\Janosch Ott\AppData\Local\Programs\MiKTeX 2.9\tex\generic\pgf\math\p
gfmathfunctions.random.code.tex")
("C:\Users\Janosch Ott\AppData\Local\Programs\MiKTeX 2.9\tex\generic\pgf\math\p
gfmathfunctions.comparison.code.tex")
("C:\Users\Janosch Ott\AppData\Local\Programs\MiKTeX 2.9\tex\generic\pgf\math\p
gfmathfunctions.base.code.tex")
("C:\Users\Janosch Ott\AppData\Local\Programs\MiKTeX 2.9\tex\generic\pgf\math\p
gfmathfunctions.round.code.tex")
("C:\Users\Janosch Ott\AppData\Local\Programs\MiKTeX 2.9\tex\generic\pgf\math\p
gfmathfunctions.misc.code.tex")
("C:\Users\Janosch Ott\AppData\Local\Programs\MiKTeX 2.9\tex\generic\pgf\math\p
gfmathfunctions.integerarithmetics.code.tex")))
("C:\Users\Janosch Ott\AppData\Local\Programs\MiKTeX 2.9\tex\generic\pgf\math\p
gfmathfloat.code.tex"
\c@pgfmathroundto@lastzeros=\count98
))
("C:\Users\Janosch Ott\AppData\Local\Programs\MiKTeX 2.9\tex\generic\pgf\basicl
ayer\pgfcorepoints.code.tex"
File: pgfcorepoints.code.tex 2013/10/07  (rcs-revision 1.27)
\pgf@picminx=\dimen116
\pgf@picmaxx=\dimen117
\pgf@picminy=\dimen118
\pgf@picmaxy=\dimen119
\pgf@pathminx=\dimen120
\pgf@pathmaxx=\dimen121
\pgf@pathminy=\dimen122
\pgf@pathmaxy=\dimen123
\pgf@xx=\dimen124
\pgf@xy=\dimen125
\pgf@yx=\dimen126
\pgf@yy=\dimen127
\pgf@zx=\dimen128
\pgf@zy=\dimen129
)
("C:\Users\Janosch Ott\AppData\Local\Programs\MiKTeX 2.9\tex\generic\pgf\basicl
ayer\pgfcorepathconstruct.code.tex"
File: pgfcorepathconstruct.code.tex 2013/10/07  (rcs-revision 1.29)
\pgf@path@lastx=\dimen130
\pgf@path@lasty=\dimen131
)
("C:\Users\Janosch Ott\AppData\Local\Programs\MiKTeX 2.9\tex\generic\pgf\basicl
ayer\pgfcorepathusage.code.tex"
File: pgfcorepathusage.code.tex 2014/11/02  (rcs-revision 1.24)
\pgf@shorten@end@additional=\dimen132
\pgf@shorten@start@additional=\dimen133
)
("C:\Users\Janosch Ott\AppData\Local\Programs\MiKTeX 2.9\tex\generic\pgf\basicl
ayer\pgfcorescopes.code.tex"
File: pgfcorescopes.code.tex 2015/05/08  (rcs-revision 1.46)
\pgfpic=\box29
\pgf@hbox=\box30
\pgf@layerbox@main=\box31
\pgf@picture@serial@count=\count99
)
("C:\Users\Janosch Ott\AppData\Local\Programs\MiKTeX 2.9\tex\generic\pgf\basicl
ayer\pgfcoregraphicstate.code.tex"
File: pgfcoregraphicstate.code.tex 2014/11/02  (rcs-revision 1.12)
\pgflinewidth=\dimen134
)
("C:\Users\Janosch Ott\AppData\Local\Programs\MiKTeX 2.9\tex\generic\pgf\basicl
ayer\pgfcoretransformations.code.tex"
File: pgfcoretransformations.code.tex 2015/08/07  (rcs-revision 1.20)
\pgf@pt@x=\dimen135
\pgf@pt@y=\dimen136
\pgf@pt@temp=\dimen137
)
("C:\Users\Janosch Ott\AppData\Local\Programs\MiKTeX 2.9\tex\generic\pgf\basicl
ayer\pgfcorequick.code.tex"
File: pgfcorequick.code.tex 2008/10/09  (rcs-revision 1.3)
)
("C:\Users\Janosch Ott\AppData\Local\Programs\MiKTeX 2.9\tex\generic\pgf\basicl
ayer\pgfcoreobjects.code.tex"
File: pgfcoreobjects.code.tex 2006/10/11  (rcs-revision 1.2)
)
("C:\Users\Janosch Ott\AppData\Local\Programs\MiKTeX 2.9\tex\generic\pgf\basicl
ayer\pgfcorepathprocessing.code.tex"
File: pgfcorepathprocessing.code.tex 2013/09/09  (rcs-revision 1.9)
)
("C:\Users\Janosch Ott\AppData\Local\Programs\MiKTeX 2.9\tex\generic\pgf\basicl
ayer\pgfcorearrows.code.tex"
File: pgfcorearrows.code.tex 2015/05/14  (rcs-revision 1.43)
\pgfarrowsep=\dimen138
)
("C:\Users\Janosch Ott\AppData\Local\Programs\MiKTeX 2.9\tex\generic\pgf\basicl
ayer\pgfcoreshade.code.tex"
File: pgfcoreshade.code.tex 2013/07/15  (rcs-revision 1.15)
\pgf@max=\dimen139
\pgf@sys@shading@range@num=\count100
)
("C:\Users\Janosch Ott\AppData\Local\Programs\MiKTeX 2.9\tex\generic\pgf\basicl
ayer\pgfcoreimage.code.tex"
File: pgfcoreimage.code.tex 2013/07/15  (rcs-revision 1.18)

("C:\Users\Janosch Ott\AppData\Local\Programs\MiKTeX 2.9\tex\generic\pgf\basicl
ayer\pgfcoreexternal.code.tex"
File: pgfcoreexternal.code.tex 2014/07/09  (rcs-revision 1.21)
\pgfexternal@startupbox=\box32
))
("C:\Users\Janosch Ott\AppData\Local\Programs\MiKTeX 2.9\tex\generic\pgf\basicl
ayer\pgfcorelayers.code.tex"
File: pgfcorelayers.code.tex 2013/07/18  (rcs-revision 1.7)
)
("C:\Users\Janosch Ott\AppData\Local\Programs\MiKTeX 2.9\tex\generic\pgf\basicl
ayer\pgfcoretransparency.code.tex"
File: pgfcoretransparency.code.tex 2013/09/30  (rcs-revision 1.5)
)
("C:\Users\Janosch Ott\AppData\Local\Programs\MiKTeX 2.9\tex\generic\pgf\basicl
ayer\pgfcorepatterns.code.tex"
File: pgfcorepatterns.code.tex 2013/11/07  (rcs-revision 1.5)
)))
("C:\Users\Janosch Ott\AppData\Local\Programs\MiKTeX 2.9\tex\generic\pgf\module
s\pgfmoduleshapes.code.tex"
File: pgfmoduleshapes.code.tex 2014/03/21  (rcs-revision 1.35)
\pgfnodeparttextbox=\box33
)
("C:\Users\Janosch Ott\AppData\Local\Programs\MiKTeX 2.9\tex\generic\pgf\module
s\pgfmoduleplot.code.tex"
File: pgfmoduleplot.code.tex 2015/08/03  (rcs-revision 1.13)
)
("C:\Users\Janosch Ott\AppData\Local\Programs\MiKTeX 2.9\tex\latex\pgf\compatib
ility\pgfcomp-version-0-65.sty"
Package: pgfcomp-version-0-65 2007/07/03 v3.0.1a (rcs-revision 1.7)
\pgf@nodesepstart=\dimen140
\pgf@nodesepend=\dimen141
)
("C:\Users\Janosch Ott\AppData\Local\Programs\MiKTeX 2.9\tex\latex\pgf\compatib
ility\pgfcomp-version-1-18.sty"
Package: pgfcomp-version-1-18 2007/07/23 v3.0.1a (rcs-revision 1.1)
))
("C:\Users\Janosch Ott\AppData\Local\Programs\MiKTeX 2.9\tex\latex\pgf\utilitie
s\pgffor.sty"
("C:\Users\Janosch Ott\AppData\Local\Programs\MiKTeX 2.9\tex\latex\pgf\utilitie
s\pgfkeys.sty"
("C:\Users\Janosch Ott\AppData\Local\Programs\MiKTeX 2.9\tex\generic\pgf\utilit
ies\pgfkeys.code.tex"))
("C:\Users\Janosch Ott\AppData\Local\Programs\MiKTeX 2.9\tex\latex\pgf\math\pgf
math.sty"
("C:\Users\Janosch Ott\AppData\Local\Programs\MiKTeX 2.9\tex\generic\pgf\math\p
gfmath.code.tex"))
("C:\Users\Janosch Ott\AppData\Local\Programs\MiKTeX 2.9\tex\generic\pgf\utilit
ies\pgffor.code.tex"
Package: pgffor 2013/12/13 v3.0.1a (rcs-revision 1.25)

("C:\Users\Janosch Ott\AppData\Local\Programs\MiKTeX 2.9\tex\generic\pgf\math\p
gfmath.code.tex")
\pgffor@iter=\dimen142
\pgffor@skip=\dimen143
\pgffor@stack=\toks26
\pgffor@toks=\toks27
))
("C:\Users\Janosch Ott\AppData\Local\Programs\MiKTeX 2.9\tex\generic\pgf\fronte
ndlayer\tikz\tikz.code.tex"
Package: tikz 2015/08/07 v3.0.1a (rcs-revision 1.151)

("C:\Users\Janosch Ott\AppData\Local\Programs\MiKTeX 2.9\tex\generic\pgf\librar
ies\pgflibraryplothandlers.code.tex"
File: pgflibraryplothandlers.code.tex 2013/08/31 v3.0.1a (rcs-revision 1.20)
\pgf@plot@mark@count=\count101
\pgfplotmarksize=\dimen144
)
\tikz@lastx=\dimen145
\tikz@lasty=\dimen146
\tikz@lastxsaved=\dimen147
\tikz@lastysaved=\dimen148
\tikzleveldistance=\dimen149
\tikzsiblingdistance=\dimen150
\tikz@figbox=\box34
\tikz@figbox@bg=\box35
\tikz@tempbox=\box36
\tikz@tempbox@bg=\box37
\tikztreelevel=\count102
\tikznumberofchildren=\count103
\tikznumberofcurrentchild=\count104
\tikz@fig@count=\count105

("C:\Users\Janosch Ott\AppData\Local\Programs\MiKTeX 2.9\tex\generic\pgf\module
s\pgfmodulematrix.code.tex"
File: pgfmodulematrix.code.tex 2013/09/17  (rcs-revision 1.8)
\pgfmatrixcurrentrow=\count106
\pgfmatrixcurrentcolumn=\count107
\pgf@matrix@numberofcolumns=\count108
)
\tikz@expandcount=\count109

("C:\Users\Janosch Ott\AppData\Local\Programs\MiKTeX 2.9\tex\generic\pgf\fronte
ndlayer\tikz\libraries\tikzlibrarytopaths.code.tex"
File: tikzlibrarytopaths.code.tex 2008/06/17 v3.0.1a (rcs-revision 1.2)
)))
("C:\Users\Janosch Ott\AppData\Local\Programs\MiKTeX 2.9\tex\generic\pgfplots\p
gfplots.code.tex"
("C:\Users\Janosch Ott\AppData\Local\Programs\MiKTeX 2.9\tex\generic\pgfplots\p
gfplotscore.code.tex"
\t@pgfplots@toka=\toks28
\t@pgfplots@tokb=\toks29
\t@pgfplots@tokc=\toks30
\pgfplots@tmpa=\dimen151
\c@pgfplots@coordindex=\count110
\c@pgfplots@scanlineindex=\count111

("C:\Users\Janosch Ott\AppData\Local\Programs\MiKTeX 2.9\tex\generic\pgfplots\s
ys\pgfplotssysgeneric.code.tex"))
("C:\Users\Janosch Ott\AppData\Local\Programs\MiKTeX 2.9\tex\generic\pgfplots\l
ibs\pgfplotslibrary.code.tex")
("C:\Users\Janosch Ott\AppData\Local\Programs\MiKTeX 2.9\tex\generic\pgfplots\o
ldpgfcompatib\pgfplotsoldpgfsupp_loader.code.tex"
("C:\Users\Janosch Ott\AppData\Local\Programs\MiKTeX 2.9\tex\generic\pgf\librar
ies\pgflibraryfpu.code.tex")
Package pgfplots: loading complementary arithmetics for your pgf version...

("C:\Users\Janosch Ott\AppData\Local\Programs\MiKTeX 2.9\tex\generic\pgfplots\o
ldpgfcompatib\pgfplotsoldpgfsupp_pgflibraryfpu.code.tex")
("C:\Users\Janosch Ott\AppData\Local\Programs\MiKTeX 2.9\tex\generic\pgfplots\o
ldpgfcompatib\pgfplotsoldpgfsupp_pgfmathfloat.code.tex"
\c@pgfmathroundto@lastzeros=\count112
)
("C:\Users\Janosch Ott\AppData\Local\Programs\MiKTeX 2.9\tex\generic\pgfplots\o
ldpgfcompatib\pgfplotsoldpgfsupp_leq.code.tex"))
("C:\Users\Janosch Ott\AppData\Local\Programs\MiKTeX 2.9\tex\generic\pgfplots\u
til\pgfplotsutil.code.tex"
("C:\Users\Janosch Ott\AppData\Local\Programs\MiKTeX 2.9\tex\generic\pgfplots\l
iststructure\pgfplotsliststructure.code.tex")
("C:\Users\Janosch Ott\AppData\Local\Programs\MiKTeX 2.9\tex\generic\pgfplots\l
iststructure\pgfplotsliststructureext.code.tex")
("C:\Users\Janosch Ott\AppData\Local\Programs\MiKTeX 2.9\tex\generic\pgfplots\l
iststructure\pgfplotsarray.code.tex"
\c@pgfplotsarray@tmp=\count113
)
("C:\Users\Janosch Ott\AppData\Local\Programs\MiKTeX 2.9\tex\generic\pgfplots\l
iststructure\pgfplotsmatrix.code.tex")
("C:\Users\Janosch Ott\AppData\Local\Programs\MiKTeX 2.9\tex\generic\pgfplots\n
umtable\pgfplotstableshared.code.tex"
\c@pgfplotstable@counta=\count114
\t@pgfplotstable@a=\toks31
)
("C:\Users\Janosch Ott\AppData\Local\Programs\MiKTeX 2.9\tex\generic\pgfplots\l
iststructure\pgfplotsdeque.code.tex")
("C:\Users\Janosch Ott\AppData\Local\Programs\MiKTeX 2.9\tex\generic\pgfplots\u
til\pgfplotsbinary.code.tex"
("C:\Users\Janosch Ott\AppData\Local\Programs\MiKTeX 2.9\tex\generic\pgfplots\u
til\pgfplotsbinary.data.code.tex"))
("C:\Users\Janosch Ott\AppData\Local\Programs\MiKTeX 2.9\tex\generic\pgfplots\u
til\pgfplotsutil.verb.code.tex")
("C:\Users\Janosch Ott\AppData\Local\Programs\MiKTeX 2.9\tex\generic\pgfplots\l
ibs\pgflibrarypgfplots.surfshading.code.tex"
\c@pgfplotslibrarysurf@no=\count115

("C:\Users\Janosch Ott\AppData\Local\Programs\MiKTeX 2.9\tex\generic\pgfplots\s
ys\pgflibrarypgfplots.surfshading.pgfsys-pdftex.def")))
("C:\Users\Janosch Ott\AppData\Local\Programs\MiKTeX 2.9\tex\generic\pgfplots\u
til\pgfplotscolormap.code.tex"
("C:\Users\Janosch Ott\AppData\Local\Programs\MiKTeX 2.9\tex\generic\pgfplots\u
til\pgfplotscolor.code.tex"))
("C:\Users\Janosch Ott\AppData\Local\Programs\MiKTeX 2.9\tex\generic\pgfplots\p
gfplotsstackedplots.code.tex")
("C:\Users\Janosch Ott\AppData\Local\Programs\MiKTeX 2.9\tex\generic\pgfplots\p
gfplotsplothandlers.code.tex"
("C:\Users\Janosch Ott\AppData\Local\Programs\MiKTeX 2.9\tex\generic\pgfplots\p
gfplotsmeshplothandler.code.tex"
("C:\Users\Janosch Ott\AppData\Local\Programs\MiKTeX 2.9\tex\generic\pgfplots\p
gfplotsmeshplotimage.code.tex")))
("C:\Users\Janosch Ott\AppData\Local\Programs\MiKTeX 2.9\tex\generic\pgfplots\p
gfplots.scaling.code.tex")
("C:\Users\Janosch Ott\AppData\Local\Programs\MiKTeX 2.9\tex\generic\pgfplots\p
gfplotscoordprocessing.code.tex")
("C:\Users\Janosch Ott\AppData\Local\Programs\MiKTeX 2.9\tex\generic\pgfplots\p
gfplots.errorbars.code.tex")
("C:\Users\Janosch Ott\AppData\Local\Programs\MiKTeX 2.9\tex\generic\pgfplots\p
gfplots.markers.code.tex")
("C:\Users\Janosch Ott\AppData\Local\Programs\MiKTeX 2.9\tex\generic\pgfplots\p
gfplotsticks.code.tex")
("C:\Users\Janosch Ott\AppData\Local\Programs\MiKTeX 2.9\tex\generic\pgfplots\p
gfplots.paths.code.tex")
("C:\Users\Janosch Ott\AppData\Local\Programs\MiKTeX 2.9\tex\generic\pgf\fronte
ndlayer\tikz\libraries\tikzlibrarydecorations.code.tex"
("C:\Users\Janosch Ott\AppData\Local\Programs\MiKTeX 2.9\tex\generic\pgf\module
s\pgfmoduledecorations.code.tex"
\pgfdecoratedcompleteddistance=\dimen152
\pgfdecoratedremainingdistance=\dimen153
\pgfdecoratedinputsegmentcompleteddistance=\dimen154
\pgfdecoratedinputsegmentremainingdistance=\dimen155
\pgf@decorate@distancetomove=\dimen156
\pgf@decorate@repeatstate=\count116
\pgfdecorationsegmentamplitude=\dimen157
\pgfdecorationsegmentlength=\dimen158
)
\tikz@lib@dec@box=\box38
)
("C:\Users\Janosch Ott\AppData\Local\Programs\MiKTeX 2.9\tex\generic\pgf\fronte
ndlayer\tikz\libraries\tikzlibrarydecorations.pathmorphing.code.tex"
("C:\Users\Janosch Ott\AppData\Local\Programs\MiKTeX 2.9\tex\generic\pgf\librar
ies\decorations\pgflibrarydecorations.pathmorphing.code.tex"))
("C:\Users\Janosch Ott\AppData\Local\Programs\MiKTeX 2.9\tex\generic\pgf\fronte
ndlayer\tikz\libraries\tikzlibrarydecorations.pathreplacing.code.tex"
("C:\Users\Janosch Ott\AppData\Local\Programs\MiKTeX 2.9\tex\generic\pgf\librar
ies\decorations\pgflibrarydecorations.pathreplacing.code.tex"))
\pgfplots@numplots=\count117
\pgfplots@xmin@reg=\dimen159
\pgfplots@xmax@reg=\dimen160
\pgfplots@ymin@reg=\dimen161
\pgfplots@ymax@reg=\dimen162
\pgfplots@zmin@reg=\dimen163
\pgfplots@zmax@reg=\dimen164
)
("C:\Users\Janosch Ott\AppData\Local\Programs\MiKTeX 2.9\tex\generic\pgf\fronte
ndlayer\tikz\libraries\tikzlibraryplotmarks.code.tex"
File: tikzlibraryplotmarks.code.tex 2008/01/09 v3.0.1a (rcs-revision 1.1)

("C:\Users\Janosch Ott\AppData\Local\Programs\MiKTeX 2.9\tex\generic\pgf\librar
ies\pgflibraryplotmarks.code.tex"
File: pgflibraryplotmarks.code.tex 2015/08/03 v3.0.1a (rcs-revision 1.14)
)))
("C:\Users\Janosch Ott\AppData\Local\Programs\MiKTeX 2.9\tex\generic\pgf\librar
ies\pgflibraryarrows.meta.code.tex"
File: pgflibraryarrows.meta.code.tex 2015/05/13 v3.0.1a (rcs-revision 1.13)
\pgfarrowinset=\dimen165
\pgfarrowlength=\dimen166
\pgfarrowwidth=\dimen167
\pgfarrowlinewidth=\dimen168
) (dualascentstep.aux)
\openout1 = `dualascentstep.aux'.

LaTeX Font Info:    Checking defaults for OML/cmm/m/it on input line 6.
LaTeX Font Info:    ... okay on input line 6.
LaTeX Font Info:    Checking defaults for T1/cmr/m/n on input line 6.
LaTeX Font Info:    ... okay on input line 6.
LaTeX Font Info:    Checking defaults for OT1/cmr/m/n on input line 6.
LaTeX Font Info:    ... okay on input line 6.
LaTeX Font Info:    Checking defaults for OMS/cmsy/m/n on input line 6.
LaTeX Font Info:    ... okay on input line 6.
LaTeX Font Info:    Checking defaults for OMX/cmex/m/n on input line 6.
LaTeX Font Info:    ... okay on input line 6.
LaTeX Font Info:    Checking defaults for U/cmr/m/n on input line 6.
LaTeX Font Info:    ... okay on input line 6.

("C:\Users\Janosch Ott\AppData\Local\Programs\MiKTeX 2.9\tex\context\base\supp-
pdf.mkii"
[Loading MPS to PDF converter (version 2006.09.02).]
\scratchcounter=\count118
\scratchdimen=\dimen169
\scratchbox=\box39
\nofMPsegments=\count119
\nofMParguments=\count120
\everyMPshowfont=\toks32
\MPscratchCnt=\count121
\MPscratchDim=\dimen170
\MPnumerator=\count122
\makeMPintoPDFobject=\count123
\everyMPtoPDFconversion=\toks33
)
("C:\Users\Janosch Ott\AppData\Local\Programs\MiKTeX 2.9\tex\latex\oberdiek\eps
topdf-base.sty"
Package: epstopdf-base 2016/05/15 v2.6 Base part for package epstopdf

("C:\Users\Janosch Ott\AppData\Local\Programs\MiKTeX 2.9\tex\generic\oberdiek\i
nfwarerr.sty"
Package: infwarerr 2016/05/16 v1.4 Providing info/warning/error messages (HO)
)
("C:\Users\Janosch Ott\AppData\Local\Programs\MiKTeX 2.9\tex\latex\oberdiek\grf
ext.sty"
Package: grfext 2016/05/16 v1.2 Manage graphics extensions (HO)

("C:\Users\Janosch Ott\AppData\Local\Programs\MiKTeX 2.9\tex\generic\oberdiek\k
vdefinekeys.sty"
Package: kvdefinekeys 2016/05/16 v1.4 Define keys (HO)

("C:\Users\Janosch Ott\AppData\Local\Programs\MiKTeX 2.9\tex\generic\oberdiek\l
txcmds.sty"
Package: ltxcmds 2016/05/16 v1.23 LaTeX kernel commands for general use (HO)
)))
("C:\Users\Janosch Ott\AppData\Local\Programs\MiKTeX 2.9\tex\latex\oberdiek\kvo
ptions.sty"
Package: kvoptions 2016/05/16 v3.12 Key value format for package options (HO)

("C:\Users\Janosch Ott\AppData\Local\Programs\MiKTeX 2.9\tex\generic\oberdiek\k
vsetkeys.sty"
Package: kvsetkeys 2016/05/16 v1.17 Key value parser (HO)

("C:\Users\Janosch Ott\AppData\Local\Programs\MiKTeX 2.9\tex\generic\oberdiek\e
texcmds.sty"
Package: etexcmds 2016/05/16 v1.6 Avoid name clashes with e-TeX commands (HO)
Package etexcmds Info: Could not find \expanded.
(etexcmds)             That can mean that you are not using pdfTeX 1.50 or
(etexcmds)             that some package has redefined \expanded.
(etexcmds)             In the latter case, load this package earlier.
)))
("C:\Users\Janosch Ott\AppData\Local\Programs\MiKTeX 2.9\tex\generic\oberdiek\p
dftexcmds.sty"
Package: pdftexcmds 2018/09/10 v0.29 Utility functions of pdfTeX for LuaTeX (HO
)
Package pdftexcmds Info: LuaTeX not detected.
Package pdftexcmds Info: \pdf@primitive is available.
Package pdftexcmds Info: \pdf@ifprimitive is available.
Package pdftexcmds Info: \pdfdraftmode found.
)
Package epstopdf-base Info: Redefining graphics rule for `.eps' on input line 4
38.
Package grfext Info: Graphics extension search list:
(grfext)             [.pdf,.png,.jpg,.mps,.jpeg,.jbig2,.jb2,.PDF,.PNG,.JPG,.JPE
G,.JBIG2,.JB2,.eps]
(grfext)             \AppendGraphicsExtensions on input line 456.
) ABD: EveryShipout initializing macros
Package pgfplots notification 'compat/show suggested version=true': you might b
enefit from \pgfplotsset{compat=1.16} (current compat level: 1.13).

LaTeX Font Info:    External font `cmex10' loaded for size
(Font)              <9> on input line 32.
LaTeX Font Info:    External font `cmex10' loaded for size
(Font)              <6> on input line 32.
LaTeX Font Info:    External font `cmex10' loaded for size
(Font)              <5> on input line 32.
LaTeX Font Info:    External font `cmex10' loaded for size
(Font)              <7> on input line 32.
[1

{C:/Users/Janosch Ott/AppData/Local/MiKTeX/2.9/pdftex/config/pdftex.map}]
(dualascentstep.aux) ) 
Here is how much of TeX's memory you used:
 22133 strings out of 492972
 596780 string characters out of 3123956
 765810 words of memory out of 3000000
 25647 multiletter control sequences out of 15000+200000
 5463 words of font info for 20 fonts, out of 3000000 for 9000
 1141 hyphenation exceptions out of 8191
 62i,10n,103p,743b,1806s stack positions out of 5000i,500n,10000p,200000b,50000s
<C:/Users/Janosch Ott/AppData/Local/Programs/MiKTeX 2.9/f
onts/type1/public/amsfonts/cm/cmmi10.pfb><C:/Users/Janosch Ott/AppData/Local/Pr
ograms/MiKTeX 2.9/fonts/type1/public/amsfonts/cm/cmmi9.pfb>
Output written on dualascentstep.pdf (1 page, 17395 bytes).
PDF statistics:
 17 PDF objects out of 1000 (max. 8388607)
 0 named destinations out of 1000 (max. 500000)
 13 words of extra memory for PDF output out of 10000 (max. 10000000)

